<?xml version='1.0' encoding='utf-8'?>
<testsuites name="pytest tests"><testsuite name="pytest" errors="0" failures="0" skipped="0" tests="769" time="1023.573" timestamp="2026-08-03T14:28:28.315055-04:00"><testcase classname="tests.test_admission_controller.AdmissionControllerTests" name="test_admits_complete_tested_read_only_capability" time="0.002" /><testcase classname="tests.test_admission_controller.AdmissionControllerTests" name="test_quarantines_missing_contract_or_provenance" time="0.001" /><testcase classname="tests.test_admission_controller.AdmissionControllerTests" name="test_rejects_unsafe_evidence" time="0.001" /><testcase classname="tests.test_admission_controller.AdmissionControllerTests" name="test_restricts_untested_or_high_risk_capability" time="0.001" /><testcase classname="tests.test_admission_controller.AdmissionControllerTests" name="test_unknown_effect_fails_closed" time="0.001" /><testcase classname="tests.test_archive_catalog_v2.ArchiveCatalogV2Tests" name="test_each_zip_is_mapped_and_identical_archives_share_content_map" time="0.044" /><testcase classname="tests.test_archive_inventory.ArchiveInventoryTests" name="test_bad_zip_is_retained_as_error_without_throwing_or_moving" time="0.028" /><testcase classname="tests.test_archive_inventory.ArchiveInventoryTests" name="test_cli_accepts_repeated_labeled_roots_and_writes_json" time="0.084" /><testcase classname="tests.test_archive_inventory.ArchiveInventoryTests" name="test_cli_writes_one_deterministic_map_per_archive" time="0.079" /><testcase classname="tests.test_archive_inventory.ArchiveInventoryTests" name="test_configurable_bomb_thresholds_flag_archive_and_entry" time="0.024" /><testcase classname="tests.test_archive_inventory.ArchiveInventoryTests" name="test_detects_malicious_paths_symlink_nested_archive_and_encryption" time="0.056" /><testcase classname="tests.test_archive_inventory.ArchiveInventoryTests" name="test_inventory_order_and_json_are_deterministic_across_multiple_roots" time="0.092" /><testcase classname="tests.test_archive_inventory.ArchiveInventoryTests" name="test_safe_archive_has_hash_sizes_ratio_and_no_extraction" time="0.030" /><testcase classname="tests.test_assurance_controls.AssuranceControlTests" name="test_commissioning_blocks_high_risk_unknown_and_change_intelligence_never_activates" time="0.001" /><testcase classname="tests.test_assurance_controls.AssuranceControlTests" name="test_containment_blocks_scope_effect_budget_and_override_violations" time="0.001" /><testcase classname="tests.test_assurance_controls.AssuranceControlTests" name="test_every_control_is_deterministic_and_routed" time="0.001" /><testcase classname="tests.test_assurance_controls.AssuranceControlTests" name="test_external_tool_stays_quarantined_without_static_proof_and_approval" time="0.001" /><testcase classname="tests.test_assurance_controls.AssuranceControlTests" name="test_runtime_assurance_is_opt_in_redacted_and_fail_closed" time="0.000" /><testcase classname="tests.test_assurance_controls.AssuranceControlTests" name="test_skeptical_certification_rejects_denominator_drift_and_unknowns" time="0.000" /><testcase classname="tests.test_authoritative_skill_compiler" name="test_nested_permissions_are_preserved_and_schema_validated" time="0.167" /><testcase classname="tests.test_authoritative_skill_compiler" name="test_malformed_duplicate_alias_tag_and_unknown_field_fail_closed" time="2.264" /><testcase classname="tests.test_authoritative_skill_compiler" name="test_alias_expansion_and_depth_are_bounded" time="0.139" /><testcase classname="tests.test_bootstrap_cli.BootstrapSurfaceTests" name="test_active_registry_can_be_navigated_without_skill_loading" time="0.002" /><testcase classname="tests.test_bootstrap_cli.BootstrapSurfaceTests" name="test_active_registry_is_internally_complete" time="0.105" /><testcase classname="tests.test_bootstrap_cli.BootstrapSurfaceTests" name="test_existing_project_commissioning_is_read_only" time="0.010" /><testcase classname="tests.test_bootstrap_cli.BootstrapSurfaceTests" name="test_existing_project_requires_directory" time="0.001" /><testcase classname="tests.test_build_support_modules.BuildSupportModuleTests" name="test_declared_suite_contract_builder_preserves_behavior_boundaries" time="0.000" /><testcase classname="tests.test_build_support_modules.BuildSupportModuleTests" name="test_last_round_cache_classification_precedes_test_classification" time="0.000" /><testcase classname="tests.test_build_support_modules.BuildSupportModuleTests" name="test_metacognitive_json_io_round_trips_deterministically" time="0.002" /><testcase classname="tests.test_build_support_modules.BuildSupportModuleTests" name="test_support_schema_builder_is_closed_and_requires_every_field" time="0.000" /><testcase classname="tests.test_cache_quarantine.CacheQuarantineTests" name="test_apply_moves_and_hash_verifies_without_hard_delete" time="0.040" /><testcase classname="tests.test_capability_assimilation.CapabilityAssimilationTests" name="test_scans_dispositions_and_lazy_workflows_reconcile" time="0.005" /><testcase classname="tests.test_capability_mining_skills.CapabilityMiningSkillTests" name="test_classified_asset_reconciler_preserves_error_denominators" time="0.297" /><testcase classname="tests.test_capability_mining_skills.CapabilityMiningSkillTests" name="test_dynamic_discovery_flags_unleased_address" time="0.110" /><testcase classname="tests.test_capability_mining_skills.CapabilityMiningSkillTests" name="test_historical_incomplete_reconciler_requires_a_boundary_rule" time="0.305" /><testcase classname="tests.test_capability_mining_skills.CapabilityMiningSkillTests" name="test_import_boundary_audit_checks_patterns_and_mirrors" time="0.209" /><testcase classname="tests.test_capability_mining_skills.CapabilityMiningSkillTests" name="test_incomplete_audit_uses_payload_minimized_ids" time="0.205" /><testcase classname="tests.test_capability_mining_skills.CapabilityMiningSkillTests" name="test_security_aggregation_minimizes_payloads_and_preserves_failure" time="0.083" /><testcase classname="tests.test_capability_mining_skills.CapabilityMiningSkillTests" name="test_skill_identity_reconciler_accounts_for_specialty_alias_and_vendor" time="0.238" /><testcase classname="tests.test_capability_mining_skills.CapabilityMiningSkillTests" name="test_source_auditor_accounts_for_every_file" time="0.092" /><testcase classname="tests.test_capability_mining_skills.CapabilityMiningSkillTests" name="test_source_auditor_streams_oversize_catalogs_and_accounts_for_exclusions" time="0.050" /><testcase classname="tests.test_capability_mining_skills.CapabilityMiningSkillTests" name="test_source_inventory_reconciler_requires_an_owner_for_every_record" time="0.102" /><testcase classname="tests.test_capability_mining_skills.CapabilityMiningSkillTests" name="test_text_repair_is_deterministic_and_separate" time="0.016" /><testcase classname="tests.test_capability_scheduler.CapabilitySchedulerTests" name="test_approval_resource_privacy_budget_and_retry_gates" time="0.001" /><testcase classname="tests.test_capability_scheduler.CapabilitySchedulerTests" name="test_cycle_and_missing_dependency_fail_closed" time="0.001" /><testcase classname="tests.test_capability_scheduler.CapabilitySchedulerTests" name="test_dependency_order_and_deterministic_replay" time="0.002" /><testcase classname="tests.test_capability_scheduler.CapabilitySchedulerTests" name="test_layer_denominators_and_lazy_contracts" time="0.006" /><testcase classname="tests.test_capability_scheduler.CapabilitySchedulerTests" name="test_scoring_records_normalized_factors_and_preserves_acceptance" time="0.001" /><testcase classname="tests.test_cli_commands.CliCommandTests" name="test_authorize_is_fail_closed_without_policy_allowance" time="0.037" /><testcase classname="tests.test_cli_commands.CliCommandTests" name="test_contract_corpus_is_exposed_as_an_auditable_boundary" time="0.110" /><testcase classname="tests.test_cli_commands.CliCommandTests" name="test_plan_is_bounded_and_includes_unload_plan" time="0.074" /><testcase classname="tests.test_cli_commands.CliCommandTests" name="test_specialties_exposes_metadata_states_without_skill_bodies" time="0.015" /><testcase classname="tests.test_cli_commands.CliCommandTests" name="test_startup_classification_and_working_set_commands_are_bounded" time="0.210" /><testcase classname="tests.test_cli_commands.CliCommandTests" name="test_test_profile_timeout_fails_closed_without_traceback" time="0.018" /><testcase classname="tests.test_cli_commands.CliCommandTests" name="test_verify_and_retry_commands_consume_typed_json" time="0.067" /><testcase classname="tests.test_closed_intake_quarantine.ClosedIntakeQuarantineTests" name="test_closed_intake_moves_only_after_equality_and_preserves_every_hash" time="0.113" /><testcase classname="tests.test_closed_intake_quarantine.ClosedIntakeQuarantineTests" name="test_open_or_drifted_intake_cannot_move" time="0.114" /><testcase classname="tests.test_cognitive_assurance.CognitiveAssuranceTests" name="test_black_box_is_append_only_redacted_and_reality_gate_is_evidence_bound" time="0.003" /><testcase classname="tests.test_cognitive_assurance.CognitiveAssuranceTests" name="test_golden_benchmarks_ekg_and_passport_certification_are_integrated" time="0.001" /><testcase classname="tests.test_cognitive_assurance.CognitiveAssuranceTests" name="test_identity_personality_and_five_drift_surfaces_are_measured" time="0.001" /><testcase classname="tests.test_cognitive_assurance.CognitiveAssuranceTests" name="test_memory_trust_gate_rejects_poison_stale_revision_and_contradiction" time="0.001" /><testcase classname="tests.test_commissioning_apply.CommissioningApplyTests" name="test_apply_creates_bounded_scaffold_and_receipt" time="0.571" /><testcase classname="tests.test_commissioning_apply.CommissioningApplyTests" name="test_existing_project_preserves_owner_and_applies_namespaced_controls" time="0.773" /><testcase classname="tests.test_commissioning_apply.CommissioningApplyTests" name="test_new_project_proposal_has_no_write_effect" time="0.042" /><testcase classname="tests.test_commissioning_apply.CommissioningApplyTests" name="test_project_check_rejects_tampered_skill_registry_hash" time="0.621" /><testcase classname="tests.test_commissioning_apply.CommissioningApplyTests" name="test_second_apply_is_idempotent_except_receipt" time="0.190" /><testcase classname="tests.test_commissioning_questionnaire.CommissioningQuestionnaireTests" name="test_mode_mismatch_fails_before_writes" time="0.003" /><testcase classname="tests.test_commissioning_questionnaire.CommissioningQuestionnaireTests" name="test_valid_questionnaire_populates_governed_project_state" time="0.154" /><testcase classname="tests.test_config_and_registry.ConfigAndRegistryTests" name="test_loads_fail_closed_bounded_startup" time="0.001" /><testcase classname="tests.test_config_and_registry.ConfigAndRegistryTests" name="test_registry_is_canonical_and_cross_checked" time="0.119" /><testcase classname="tests.test_config_and_registry.ConfigAndRegistryTests" name="test_registry_rejects_missing_active_ledger_entry" time="0.085" /><testcase classname="tests.test_config_and_registry.ConfigAndRegistryTests" name="test_rejects_fail_open_startup" time="0.025" /><testcase classname="tests.test_contract_runtime.ContractRuntimeTests" name="test_every_contract_accepts_generated_positive_and_rejects_empty_negative" time="0.069" /><testcase classname="tests.test_contract_runtime.ContractRuntimeTests" name="test_every_shipped_contract_is_valid_owned_and_resolvable" time="0.034" /><testcase classname="tests.test_contract_runtime.ContractRuntimeTests" name="test_local_file_reference_is_enforced" time="0.001" /><testcase classname="tests.test_contract_runtime.ContractRuntimeTests" name="test_property_named_type_is_not_misread_as_a_schema_keyword" time="0.000" /><testcase classname="tests.test_contract_runtime.ContractRuntimeTests" name="test_unsupported_standard_keyword_is_rejected" time="0.000" /><testcase classname="tests.test_contract_runtime.ContractRuntimeTests" name="test_validation_rejects_invalid_commissioning_record" time="0.001" /><testcase classname="tests.test_corpus_pipeline.CorpusPipelineTests" name="test_dedup_classification_and_review_clusters_cover_every_record" time="2.335" /><testcase classname="tests.test_corpus_pipeline.CorpusPipelineTests" name="test_inventory_is_deterministic_reconciled_and_structured" time="0.368" /><testcase classname="tests.test_corpus_pipeline.CorpusPipelineTests" name="test_partition_campaign_reconciles_records_and_logged_errors" time="0.027" /><testcase classname="tests.test_corpus_pipeline.CorpusPipelineTests" name="test_partition_merge_is_sorted_and_rejects_duplicate_ids" time="0.048" /><testcase classname="tests.test_corrective_release" name="test_complete_source_card_denominator_and_child_finding_are_visible" time="0.013" /><testcase classname="tests.test_corrective_release" name="test_blocking_card_gate_matches_the_project_lifecycle" time="0.105" /><testcase classname="tests.test_corrective_release" name="test_closed_card_requires_existing_receipt" time="0.365" /><testcase classname="tests.test_corrective_release" name="test_omitted_source_card_fails_closed" time="0.258" /><testcase classname="tests.test_corrective_release" name="test_missing_owner_and_stale_cli_acceptance_command_fail_closed" time="4.132" /><testcase classname="tests.test_corrective_release" name="test_every_declared_cli_acceptance_command_parses_in_the_real_cli" time="0.102" /><testcase classname="tests.test_corrective_release" name="test_deployment_certified_lifecycle_requires_and_accepts_all_blockers_passed" time="2.735" /><testcase classname="tests.test_declared_capability_recovery.DeclaredCapabilityRecoveryTests" name="test_every_absent_declared_outcome_has_one_hash_bound_canonical_owner" time="0.043" /><testcase classname="tests.test_declared_capability_recovery.DeclaredCapabilityRecoveryTests" name="test_every_reconstructed_outcome_routes_to_its_owner_without_body_hydration" time="4.642" /><testcase classname="tests.test_declared_suite_domains" name="test_all_reconstructed_operational_outcomes_have_domain_contracts" time="1.740" /><testcase classname="tests.test_declared_suite_domains" name="test_every_outcome_has_fail_closed_planning_contract" time="2.983" /><testcase classname="tests.test_declared_suite_domains" name="test_every_reconstructed_script_is_executable_and_deterministic" time="0.210" /><testcase classname="tests.test_declared_suite_domains" name="test_unknown_outcomes_and_invalid_script_inputs_fail_closed" time="0.002" /><testcase classname="tests.test_declared_suite_reconstruction.DeclaredSuiteReconstructionTests" name="test_build_declared_suite_reconstruction_py_executes_on_a_complete_synthetic_denominator" time="0.261" /><testcase classname="tests.test_declared_suite_reconstruction.DeclaredSuiteReconstructionTests" name="test_current_recovery_map_covers_every_declared_outcome_once" time="0.010" /><testcase classname="tests.test_declared_suite_reconstruction.DeclaredSuiteReconstructionTests" name="test_reconstruction_cards_are_closed_and_hash_bound_to_current_owners" time="0.044" /><testcase classname="tests.test_declared_suite_support" name="test_reconstructed_contracts_are_owned_valid_and_reject_empty_objects" time="0.010" /><testcase classname="tests.test_declared_suite_support" name="test_formula_registry_resolves_to_auditable_implementations" time="0.001" /><testcase classname="tests.test_declared_suite_support" name="test_formula_registry_rejects_contract_drift[&lt;lambda&gt;-missing fields0]" time="0.001" /><testcase classname="tests.test_declared_suite_support" name="test_formula_registry_rejects_contract_drift[&lt;lambda&gt;-does not match]" time="0.001" /><testcase classname="tests.test_declared_suite_support" name="test_formula_registry_rejects_contract_drift[&lt;lambda&gt;-missing fields1]" time="0.001" /><testcase classname="tests.test_declared_suite_support" name="test_formula_registry_rejects_contract_drift[&lt;lambda&gt;-duplicate formula IDs]" time="0.001" /><testcase classname="tests.test_declared_suite_support" name="test_formula_registry_rejects_contract_drift[&lt;lambda&gt;-missing formula implementations]" time="0.001" /><testcase classname="tests.test_declared_suite_support" name="test_formula_registry_serialization_is_deterministic" time="0.000" /><testcase classname="tests.test_declared_suite_support" name="test_pack_registries_metadata_templates_and_dependency_graph_are_complete" time="0.001" /><testcase classname="tests.test_declared_suite_support" name="test_all_generated_behavior_cases_have_positive_and_negative_results" time="1.809" /><testcase classname="tests.test_declared_suite_support" name="test_every_support_card_has_a_concrete_product_target" time="0.005" /><testcase classname="tests.test_dependency_audit" name="test_packaged_imports_are_fully_classified_and_declared" time="0.009" /><testcase classname="tests.test_dependency_audit" name="test_dependency_inventory_is_deterministic_and_has_no_runtime_yaml_dependency" time="4.635" /><testcase classname="tests.test_drop_in_bootstrap.DropInBootstrapTests" name="test_existing_adoption_preserves_owned_files_and_stores_inventory" time="0.384" /><testcase classname="tests.test_drop_in_bootstrap.DropInBootstrapTests" name="test_new_project_creates_full_management_contract_and_prompt_pair" time="0.224" /><testcase classname="tests.test_drop_in_bootstrap.DropInBootstrapTests" name="test_project_check_detects_managed_prompt_tampering" time="0.229" /><testcase classname="tests.test_drop_in_bootstrap.DropInBootstrapTests" name="test_startup_is_metadata_only_and_hydration_is_explicit" time="0.988" /><testcase classname="tests.test_effect_surface" name="test_every_executable_effect_surface_is_owned_and_bounded" time="2.438" /><testcase classname="tests.test_effect_surface" name="test_new_shell_execution_fails_closed" time="14.733" /><testcase classname="tests.test_effect_surface" name="test_registry_cannot_claim_removed_effect_surface" time="12.411" /><testcase classname="tests.test_engineering_intelligence.EngineeringIntelligenceTests" name="test_code_genome_parses_without_executing_source" time="0.001" /><testcase classname="tests.test_engineering_intelligence.EngineeringIntelligenceTests" name="test_drift_shockwave_and_refactoring_are_deterministic_and_proposal_only" time="0.001" /><testcase classname="tests.test_engineering_intelligence.EngineeringIntelligenceTests" name="test_evolution_and_resilience_candidates_are_bounded_and_non_activating" time="0.002" /><testcase classname="tests.test_engineering_intelligence.EngineeringIntelligenceTests" name="test_regression_engine_ranks_hypotheses_without_claiming_causality" time="0.001" /><testcase classname="tests.test_engineering_intelligence.EngineeringIntelligenceTests" name="test_research_requires_citations_and_never_becomes_production_proof" time="0.001" /><testcase classname="tests.test_engineering_intelligence.EngineeringIntelligenceTests" name="test_semantics_collisions_debt_health_and_fitness_keep_unknowns_visible" time="0.001" /><testcase classname="tests.test_engineering_lifecycle.EngineeringLifecycleTests" name="test_commissioned_project_advances_to_explicit_tool_disposition" time="0.697" /><testcase classname="tests.test_engineering_lifecycle.EngineeringLifecycleTests" name="test_uncommissioned_project_stops_at_commissioning" time="1.154" /><testcase classname="tests.test_evidence_assembler.EvidenceAssemblerTests" name="test_assembles_supported_claim_from_local_typed_evidence" time="0.001" /><testcase classname="tests.test_evidence_assembler.EvidenceAssemblerTests" name="test_current_contradiction_is_surfaced_without_erasing_support" time="0.001" /><testcase classname="tests.test_evidence_assembler.EvidenceAssemblerTests" name="test_foreign_task_metadata_is_retained_only_when_explicitly_requested" time="0.001" /><testcase classname="tests.test_evidence_assembler.EvidenceAssemblerTests" name="test_marks_claim_without_resolved_support_as_unsupported" time="0.001" /><testcase classname="tests.test_evidence_assembler.EvidenceAssemblerTests" name="test_rejects_ambiguous_or_nondeterministic_inputs" time="0.001" /><testcase classname="tests.test_evidence_assembler.EvidenceAssemblerTests" name="test_result_is_deterministic_across_input_order_and_duplicate_links" time="0.001" /><testcase classname="tests.test_evidence_assembler.EvidenceAssemblerTests" name="test_stale_and_invalid_statuses_warn_and_do_not_support" time="0.001" /><testcase classname="tests.test_evidence_assembler.EvidenceAssemblerTests" name="test_wrong_task_and_future_evidence_are_visible_but_ineligible" time="0.001" /><testcase classname="tests.test_evidence_portability" name="test_all_evidence_locators_are_project_relative" time="0.610" /><testcase classname="tests.test_evidence_portability" name="test_new_sibling_reference_fails_until_disposition_registry_is_rebuilt" time="17.333" /><testcase classname="tests.test_evidence_portability" name="test_generated_portability_registry_is_not_self_ingested" time="10.656" /><testcase classname="tests.test_exact_tool_certification.ExactToolCertificationTests" name="test_cache_receipts_are_hash_sealed_and_forgery_is_rejected" time="86.556" /><testcase classname="tests.test_exact_tool_certification.ExactToolCertificationTests" name="test_every_admitted_tool_executes_from_its_hash_bound_file" time="0.010" /><testcase classname="tests.test_exact_tool_certification.ExactToolCertificationTests" name="test_every_python_file_is_owned_classified_and_validation_bound" time="0.001" /><testcase classname="tests.test_exact_tool_certification.ExactToolCertificationTests" name="test_fail_closed_cases_are_attached_to_security_critical_tools" time="0.001" /><testcase classname="tests.test_exact_tool_certification.ExactToolCertificationTests" name="test_timeout_is_attributed_without_erasing_a_receipt" time="0.078" /><testcase classname="tests.test_execution_contract.ExecutionContractTests" name="test_allows_declared_read_only_request" time="0.001" /><testcase classname="tests.test_execution_contract.ExecutionContractTests" name="test_enforces_budgets_and_policy" time="0.001" /><testcase classname="tests.test_execution_contract.ExecutionContractTests" name="test_non_read_requires_approval_and_idempotency" time="0.001" /><testcase classname="tests.test_execution_contract.ExecutionContractTests" name="test_rejects_unadmitted_or_mismatched_capability" time="0.001" /><testcase classname="tests.test_execution_contract.ExecutionContractTests" name="test_rejects_undeclared_effect" time="0.001" /><testcase classname="tests.test_external_audit_disposition.ExternalAuditDispositionTests" name="test_all_three_audits_have_zero_open_dispositions_and_live_evidence" time="0.004" /><testcase classname="tests.test_external_behavior_intake.ExternalBehaviorIntakeTests" name="test_every_staged_requirement_has_a_validated_canonical_disposition" time="0.002" /><testcase classname="tests.test_external_behavior_intake.ExternalBehaviorIntakeTests" name="test_extractor_emits_sanitized_metadata_without_body_or_absolute_path" time="0.015" /><testcase classname="tests.test_external_behavior_intake.ExternalBehaviorIntakeTests" name="test_planner_uses_only_index_metadata_and_marks_direct_copy_false" time="0.091" /><testcase classname="tests.test_external_evidence" name="test_strict_external_evidence_is_portable_inside_product" time="0.009" /><testcase classname="tests.test_external_evidence" name="test_traversal_and_wrong_bundle_hash_fail_closed" time="0.195" /><testcase classname="tests.test_external_evidence" name="test_strict_verification_does_not_need_parent_temp_directory" time="0.272" /><testcase classname="tests.test_extract_structured_text.StructuredTextExtractionTests" name="test_all_text_formats_are_preserved_and_binary_is_excluded" time="0.135" /><testcase classname="tests.test_foundation_assurance.FoundationAssuranceTests" name="test_contract_comparison_covers_shape_route_owner_and_permission" time="0.007" /><testcase classname="tests.test_foundation_assurance.FoundationAssuranceTests" name="test_dataset_gate_detects_rights_privacy_and_split_leakage" time="0.006" /><testcase classname="tests.test_foundation_assurance.FoundationAssuranceTests" name="test_dimension_validation_never_evaluates_source" time="0.005" /><testcase classname="tests.test_foundation_assurance.FoundationAssuranceTests" name="test_numeric_shift_handles_constant_empty_and_nonfinite_inputs" time="0.006" /><testcase classname="tests.test_foundation_assurance.FoundationAssuranceTests" name="test_retrieval_gate_uses_recall_mrr_coverage_and_forbidden_boundaries" time="0.006" /><testcase classname="tests.test_foundation_assurance.FoundationAssuranceTests" name="test_runtime_surface_plan_orders_checks_and_declares_approval" time="0.006" /><testcase classname="tests.test_generated_artifacts" name="test_all_generated_projections_match_one_canonical_owner" time="6.217" /><testcase classname="tests.test_generated_artifacts" name="test_one_projection_mutation_is_detected_without_rewriting" time="0.553" /><testcase classname="tests.test_generated_artifacts" name="test_generation_is_byte_stable_when_inputs_do_not_change" time="0.034" /><testcase classname="tests.test_graphs_and_orchestrations.GraphAndOrchestrationTests" name="test_canonical_graphs_match_all_current_registry_sources" time="0.073" /><testcase classname="tests.test_graphs_and_orchestrations.GraphAndOrchestrationTests" name="test_control_plane_registry_validates" time="0.006" /><testcase classname="tests.test_graphs_and_orchestrations.GraphAndOrchestrationTests" name="test_io_path_ranking_prefers_safer_lower_cost_current_path" time="0.002" /><testcase classname="tests.test_graphs_and_orchestrations.GraphAndOrchestrationTests" name="test_io_path_reports_compatible_transformations" time="0.002" /><testcase classname="tests.test_graphs_and_orchestrations.GraphAndOrchestrationTests" name="test_orchestration_rejects_unknown_step_cycle_and_effect_conflict" time="0.005" /><testcase classname="tests.test_graphs_and_orchestrations.GraphAndOrchestrationTests" name="test_registry_graphs_are_deterministic_and_metadata_only" time="0.008" /><testcase classname="tests.test_graphs_and_orchestrations.GraphAndOrchestrationTests" name="test_versioned_schema_set_is_present" time="0.007" /><testcase classname="tests.test_installed_wheel_e2e.InstalledWheelEndToEndTests" name="test_wheel_installs_and_commissions_new_and_existing_projects" time="199.262" /><testcase classname="tests.test_intake_lifecycle.IntakeLifecycleTests" name="test_closed_tree_drift_requires_reopen" time="0.581" /><testcase classname="tests.test_intake_lifecycle.IntakeLifecycleTests" name="test_intake_is_append_only_and_requires_two_stable_snapshots" time="0.308" /><testcase classname="tests.test_intake_lifecycle.IntakeLifecycleTests" name="test_mutation_denies_closure_and_post_close_processing" time="0.164" /><testcase classname="tests.test_integration_acceptance.IntegrationAcceptanceTests" name="test_full_skill_catalog_starts_dormant_selects_bounded_set_and_unloads" time="0.160" /><testcase classname="tests.test_integration_acceptance.IntegrationAcceptanceTests" name="test_linear_branching_optional_cycle_privilege_adapter_and_resume_paths" time="0.003" /><testcase classname="tests.test_integration_acceptance.IntegrationAcceptanceTests" name="test_new_and_existing_project_modes_are_accepted_without_unauthorized_installation" time="0.585" /><testcase classname="tests.test_integration_acceptance.IntegrationAcceptanceTests" name="test_two_agent_resource_policy_enforces_ownership_heavy_lane_pressure_and_recovery" time="0.001" /><testcase classname="tests.test_integration_acceptance.IntegrationAcceptanceTests" name="test_working_set_never_leaves_orphan_dependencies_after_bundle_rejection" time="0.002" /><testcase classname="tests.test_knowledge_foundry.KnowledgeFoundryTests" name="test_calculation_emits_executable_python_js_schema_units_and_edges" time="0.002" /><testcase classname="tests.test_knowledge_foundry.KnowledgeFoundryTests" name="test_calculation_interpreter_rejects_pathological_inputs_and_trees" time="0.003" /><testcase classname="tests.test_knowledge_foundry.KnowledgeFoundryTests" name="test_calculation_interpreter_supports_only_bounded_finite_arithmetic" time="0.002" /><testcase classname="tests.test_knowledge_foundry.KnowledgeFoundryTests" name="test_composition_and_evolution_never_auto_activate" time="0.001" /><testcase classname="tests.test_knowledge_foundry.KnowledgeFoundryTests" name="test_foundry_harvests_normalizes_links_and_emits_multi_artifact_candidates" time="0.001" /><testcase classname="tests.test_knowledge_foundry.KnowledgeFoundryTests" name="test_materialization_is_candidate_only_append_only_and_complete" time="0.043" /><testcase classname="tests.test_knowledge_foundry.KnowledgeFoundryTests" name="test_research_without_traceable_citation_cannot_certify" time="0.001" /><testcase classname="tests.test_licensing.LicensingTests" name="test_publication_identity_and_license_are_consistent" time="0.022" /><testcase classname="tests.test_local_model_capabilities.LocalModelCapabilityTests" name="test_architecture_inspection_normalizes_gqa_and_matches_kv_fixture" time="0.007" /><testcase classname="tests.test_local_model_capabilities.LocalModelCapabilityTests" name="test_architecture_inspection_rejects_hostile_or_inconsistent_dimensions" time="0.005" /><testcase classname="tests.test_local_model_capabilities.LocalModelCapabilityTests" name="test_planner_emits_complete_matrix_and_forbids_private_remote_fallback" time="0.006" /><testcase classname="tests.test_local_model_capabilities.LocalModelCapabilityTests" name="test_planner_keeps_missing_measurement_visible" time="0.005" /><testcase classname="tests.test_memory_fabric.MemoryFabricTests" name="test_adaptive_address_is_reversible_and_integrity_is_separate" time="0.001" /><testcase classname="tests.test_memory_fabric.MemoryFabricTests" name="test_backend_failure_is_not_reported_as_empty_and_repairs_are_dry_run" time="0.001" /><testcase classname="tests.test_memory_fabric.MemoryFabricTests" name="test_candidates_never_cross_projects" time="0.001" /><testcase classname="tests.test_memory_fabric.MemoryFabricTests" name="test_canonical_mapping_builds_the_runtime_record" time="0.001" /><testcase classname="tests.test_memory_fabric.MemoryFabricTests" name="test_collision_expands_only_as_needed" time="0.014" /><testcase classname="tests.test_memory_fabric.MemoryFabricTests" name="test_correction_invalidates_every_derived_surface" time="0.001" /><testcase classname="tests.test_memory_fabric.MemoryFabricTests" name="test_external_provider_is_disabled_until_every_isolation_test_passes" time="0.005" /><testcase classname="tests.test_memory_fabric.MemoryFabricTests" name="test_memory_requires_attribution_provenance_and_scope" time="0.001" /><testcase classname="tests.test_memory_fabric.MemoryFabricTests" name="test_memory_template_contains_every_schema_required_field" time="0.002" /><testcase classname="tests.test_memory_fabric.MemoryFabricTests" name="test_retrieval_filters_untrusted_expired_and_unauthorized_records" time="0.001" /><testcase classname="tests.test_memory_operations.MemoryOperationTests" name="test_attribution_propagates_through_bulk_actions_and_rejects_spoofing" time="0.001" /><testcase classname="tests.test_memory_operations.MemoryOperationTests" name="test_backend_timeout_and_search_failure_are_not_reported_as_empty" time="0.019" /><testcase classname="tests.test_memory_operations.MemoryOperationTests" name="test_graph_clustering_is_bounded_keeps_provenance_and_continues_after_missing_edges" time="0.001" /><testcase classname="tests.test_memory_operations.MemoryOperationTests" name="test_graph_failure_does_not_rollback_canonical_persistence" time="0.033" /><testcase classname="tests.test_memory_operations.MemoryOperationTests" name="test_session_summaries_process_only_deltas_and_distinguish_stop_from_end" time="0.035" /><testcase classname="tests.test_memory_vault.MemoryVaultTests" name="test_append_writes_human_note_and_never_overwrites_revision" time="0.098" /><testcase classname="tests.test_memory_vault.MemoryVaultTests" name="test_concurrent_index_requests_publish_distinct_complete_generations" time="0.068" /><testcase classname="tests.test_memory_vault.MemoryVaultTests" name="test_index_publication_is_append_only_and_orphans_are_not_authoritative" time="0.311" /><testcase classname="tests.test_memory_vault.MemoryVaultTests" name="test_lifecycle_controls_retrieval_and_correction_supersedes_old_memory" time="0.939" /><testcase classname="tests.test_memory_vault.MemoryVaultTests" name="test_parallel_appends_and_index_publication_are_serialized" time="0.913" /><testcase classname="tests.test_memory_vault.MemoryVaultTests" name="test_project_scope_revision_and_bucket_capacity_fail_closed" time="0.034" /><testcase classname="tests.test_metacognitive_evolution.MetacognitiveEvolutionTests" name="test_contract_hydrates_one_capability" time="0.005" /><testcase classname="tests.test_metacognitive_evolution.MetacognitiveEvolutionTests" name="test_denominators_and_lazy_metadata" time="0.006" /><testcase classname="tests.test_metacognitive_evolution.MetacognitiveEvolutionTests" name="test_engineering_profile_blocks_protected_inference" time="0.001" /><testcase classname="tests.test_metacognitive_evolution.MetacognitiveEvolutionTests" name="test_epistemic_and_contradiction_operations" time="0.001" /><testcase classname="tests.test_metacognitive_evolution.MetacognitiveEvolutionTests" name="test_facade_is_payload_only_read_only_and_cannot_activate_or_cross_memory_roots" time="0.006" /><testcase classname="tests.test_metacognitive_evolution.MetacognitiveEvolutionTests" name="test_optimization_is_bounded_and_reversible" time="0.001" /><testcase classname="tests.test_metacognitive_evolution.MetacognitiveEvolutionTests" name="test_semantic_effect_lint_and_unknown_operation_fail_closed" time="0.001" /><testcase classname="tests.test_metacognitive_evolution.MetacognitiveEvolutionTests" name="test_trace_rejects_private_reasoning_capture" time="0.001" /><testcase classname="tests.test_operational_controls.OperationalControlTests" name="test_bundle_resolution_and_impact_closure" time="0.001" /><testcase classname="tests.test_operational_controls.OperationalControlTests" name="test_every_source_skill_has_a_deterministic_runtime_route" time="0.007" /><testcase classname="tests.test_operational_controls.OperationalControlTests" name="test_loop_breaker_stops_repeated_no_progress_state" time="0.001" /><testcase classname="tests.test_operational_controls.OperationalControlTests" name="test_memory_injection_and_permission_expansion_fail_closed" time="0.001" /><testcase classname="tests.test_operational_controls.OperationalControlTests" name="test_research_remains_candidate_and_speculation_never_executes" time="0.001" /><testcase classname="tests.test_operational_controls.OperationalControlTests" name="test_supply_chain_observed_effect_and_missing_signature_quarantine" time="0.001" /><testcase classname="tests.test_orchestrator.OrchestratorTests" name="test_failed_postcondition_is_not_complete" time="0.300" /><testcase classname="tests.test_orchestrator.OrchestratorTests" name="test_handler_exception_becomes_structured_failure_and_unloads" time="1.405" /><testcase classname="tests.test_orchestrator.OrchestratorTests" name="test_handler_is_not_resolved_before_policy_authorization" time="0.584" /><testcase classname="tests.test_orchestrator.OrchestratorTests" name="test_missing_inputs_blocks_before_activation" time="0.329" /><testcase classname="tests.test_orchestrator.OrchestratorTests" name="test_retry_requires_new_evidence_and_respects_budget" time="0.001" /><testcase classname="tests.test_orchestrator.OrchestratorTests" name="test_runs_authorized_handler_and_verifies_result" time="0.278" /><testcase classname="tests.test_orchestrator.OrchestratorTests" name="test_unregistered_handler_fails_closed" time="0.147" /><testcase classname="tests.test_outcome_verifier.OutcomeVerifierTests" name="test_executor_cannot_self_certify_failed_postcondition" time="0.001" /><testcase classname="tests.test_outcome_verifier.OutcomeVerifierTests" name="test_missing_postconditions_fails" time="0.001" /><testcase classname="tests.test_outcome_verifier.OutcomeVerifierTests" name="test_no_current_evidence_is_partial" time="0.001" /><testcase classname="tests.test_outcome_verifier.OutcomeVerifierTests" name="test_policy_denial_blocks_even_passing_result" time="0.001" /><testcase classname="tests.test_outcome_verifier.OutcomeVerifierTests" name="test_verifies_only_with_postconditions_and_current_evidence" time="0.001" /><testcase classname="tests.test_process_memory.ProcessMemoryTests" name="test_apply_records_process_in_commissioned_project_without_activation" time="0.598" /><testcase classname="tests.test_process_memory.ProcessMemoryTests" name="test_unverified_outcome_cannot_compile" time="0.014" /><testcase classname="tests.test_process_memory.ProcessMemoryTests" name="test_verified_process_compiles_to_inert_graph_backed_candidate" time="0.073" /><testcase classname="tests.test_project_brief.ProjectBriefTests" name="test_brief_updates_existing_commissioned_state_with_history" time="1.125" /><testcase classname="tests.test_project_control_plane.ProjectControlPlaneTests" name="test_cleanup_moves_exact_files_to_sibling_quarantine_without_deletion" time="0.049" /><testcase classname="tests.test_project_control_plane.ProjectControlPlaneTests" name="test_concurrent_event_appends_keep_a_contiguous_unique_sequence" time="0.343" /><testcase classname="tests.test_project_control_plane.ProjectControlPlaneTests" name="test_guarded_change_and_incident_recovery_preserve_every_prior_artifact" time="0.055" /><testcase classname="tests.test_project_control_plane.ProjectControlPlaneTests" name="test_project_agent_health_and_dispatch_are_evidence_driven" time="0.012" /><testcase classname="tests.test_project_control_plane.ProjectControlPlaneTests" name="test_resilience_is_digital_twin_only_and_evidence_bounded" time="0.001" /><testcase classname="tests.test_project_control_plane.ProjectControlPlaneTests" name="test_switch_transition_transfer_and_promotion_append_receipts" time="0.028" /><testcase classname="tests.test_project_onboarding.ProjectOnboardingTests" name="test_all_portable_profiles_validate_and_serialize_heavy_work" time="0.003" /><testcase classname="tests.test_project_onboarding.ProjectOnboardingTests" name="test_existing_intake_is_reproducible_read_only_and_preserves_owner_candidates" time="0.063" /><testcase classname="tests.test_project_onboarding.ProjectOnboardingTests" name="test_new_project_manifest_has_guardrails_and_safe_watcher_exclusions" time="0.164" /><testcase classname="tests.test_project_stream_controls.ProjectStreamControlTests" name="test_approved_transfer_targets_destination_and_never_private_memory" time="0.001" /><testcase classname="tests.test_project_stream_controls.ProjectStreamControlTests" name="test_foreign_private_and_untagged_context_fail_closed" time="0.000" /><testcase classname="tests.test_project_stream_controls.ProjectStreamControlTests" name="test_one_session_cannot_hold_foreign_writable_leases" time="0.000" /><testcase classname="tests.test_project_stream_controls.ProjectStreamControlTests" name="test_project_switch_requires_teardown_and_denial_evidence" time="0.000" /><testcase classname="tests.test_project_stream_orchestrator.ProjectStreamOrchestratorTests" name="test_continuous_improvement_returns_candidates_without_activation" time="0.004" /><testcase classname="tests.test_project_stream_orchestrator.ProjectStreamOrchestratorTests" name="test_every_workflow_has_exactly_one_honest_runtime_state" time="0.001" /><testcase classname="tests.test_project_stream_orchestrator.ProjectStreamOrchestratorTests" name="test_expired_lease_and_elapsed_timeout_fail_closed_at_checkpoints" time="1.048" /><testcase classname="tests.test_project_stream_orchestrator.ProjectStreamOrchestratorTests" name="test_malformed_workflow_and_missing_approval_fail_closed" time="0.064" /><testcase classname="tests.test_project_stream_orchestrator.ProjectStreamOrchestratorTests" name="test_memory_ingest_and_maintenance_execute_with_approval_and_append_evidence" time="0.280" /><testcase classname="tests.test_project_stream_orchestrator.ProjectStreamOrchestratorTests" name="test_workspace_layout_and_checkpoint_resume_are_explicit_and_drift_safe" time="0.656" /><testcase classname="tests.test_provider_certification.ProviderCertificationTests" name="test_certificate_is_based_on_executed_isolation_probes" time="0.004" /><testcase classname="tests.test_provider_certification.ProviderCertificationTests" name="test_shared_process_is_rejected_before_probe_execution" time="0.001" /><testcase classname="tests.test_provider_certification.ProviderCertificationTests" name="test_unrelated_exception_cannot_satisfy_backend_failure_probe" time="0.001" /><testcase classname="tests.test_quarantine_paths.QuarantinePathTests" name="test_explicit_paths_move_outside_project_with_hash_reconciliation" time="0.010" /><testcase classname="tests.test_quarantine_paths.QuarantinePathTests" name="test_project_root_and_inside_project_destination_are_rejected" time="0.003" /><testcase classname="tests.test_reference_candidate_truth.ReferenceCandidateTruthTests" name="test_delivery_counts_and_partial_runtime_boundaries_are_current" time="0.001" /><testcase classname="tests.test_registry_envelopes" name="test_every_count_bearing_registry_field_has_one_owner_and_invariant" time="0.226" /><testcase classname="tests.test_registry_envelopes" name="test_every_inventoried_count_rejects_deliberate_corruption" time="0.087" /><testcase classname="tests.test_registry_envelopes" name="test_missing_non_integer_and_empty_collection_are_intentional_failures" time="0.001" /><testcase classname="tests.test_registry_envelopes" name="test_inventory_builder_is_deterministic" time="0.001" /><testcase classname="tests.test_rel008_assimilation.Rel008AssimilationTests" name="test_all_authoritative_declared_contracts_are_assimilated" time="0.015" /><testcase classname="tests.test_rel008_assimilation.Rel008AssimilationTests" name="test_contracts_are_split_for_single_outcome_lazy_loading" time="0.013" /><testcase classname="tests.test_rel008_assimilation.Rel008AssimilationTests" name="test_every_source_file_has_closed_disposition" time="0.001" /><testcase classname="tests.test_rel008_assimilation.Rel008AssimilationTests" name="test_exact_recovery_report_covers_all_previously_missing_bodies" time="0.002" /><testcase classname="tests.test_rel008_assimilation.Rel008AssimilationTests" name="test_skill_package_body_hash_is_current" time="0.001" /><testcase classname="tests.test_rel008_assimilation.Rel008AssimilationTests" name="test_unsafe_upstream_bodies_are_not_admitted" time="0.001" /><testcase classname="tests.test_rel009_release.Rel009ReleaseTests" name="test_rel009_certificate_is_historical_and_explicitly_revoked" time="0.002" /><testcase classname="tests.test_rel009_release.Rel009ReleaseTests" name="test_revoked_finalizers_are_not_operational_product_tools" time="0.001" /><testcase classname="tests.test_release_artifacts" name="test_product_digest_is_deterministic_and_detects_mutation" time="0.030" /><testcase classname="tests.test_release_artifacts" name="test_unclassified_root_file_fails_closed" time="0.023" /><testcase classname="tests.test_release_artifacts" name="test_executable_payload_cannot_hide_in_evidence" time="0.030" /><testcase classname="tests.test_release_artifacts" name="test_only_evidence_change_does_not_change_product_digest" time="0.008" /><testcase classname="tests.test_release_artifacts" name="test_junit_xml_is_an_admitted_non_executable_evidence_format" time="0.032" /><testcase classname="tests.test_release_artifacts" name="test_setuptools_egg_info_is_generated_intermediate_not_product" time="0.019" /><testcase classname="tests.test_release_artifacts" name="test_git_metadata_is_generated_intermediate_not_product" time="0.013" /><testcase classname="tests.test_release_audit.ReleaseAuditTests" name="test_duplicate_architecture_root_fails_layout_check" time="57.805" /><testcase classname="tests.test_release_audit.ReleaseAuditTests" name="test_generated_python_cache_fails_hygiene_check" time="53.256" /><testcase classname="tests.test_release_audit.ReleaseAuditTests" name="test_live_composed_audit_passes_without_fixed_component_counts" time="17.596" /><testcase classname="tests.test_release_audit.ReleaseAuditTests" name="test_stale_python_ownership_hash_fails_audit" time="44.689" /><testcase classname="tests.test_release_certification" name="test_junit_totals_aggregate_testsuites_root" time="0.022" /><testcase classname="tests.test_release_certification" name="test_junit_named_surface_gate_requires_present_green_case" time="0.016" /><testcase classname="tests.test_release_certification" name="test_junit_publication_evidence_removes_host_identity" time="0.043" /><testcase classname="tests.test_release_certification" name="test_release_environment_gate_uses_isolated_interpreter" time="0.001" /><testcase classname="tests.test_release_certification" name="test_publishable_release_metadata_rejects_machine_local_paths" time="0.000" /><testcase classname="tests.test_release_certification" name="test_finalizer_publishes_digest_bound_certificate_and_state_last" time="55.249" /><testcase classname="tests.test_release_certification" name="test_product_mutation_during_finalization_fails_without_promotion" time="54.295" /><testcase classname="tests.test_release_certification" name="test_reused_certificate_fails_after_harness_or_product_change" time="68.220" /><testcase classname="tests.test_release_certification" name="test_manual_state_promotion_without_certificate_fails_closed" time="6.088" /><testcase classname="tests.test_release_environment" name="test_current_release_environment_matches_exact_lock" time="0.722" /><testcase classname="tests.test_research_contract_admission.ResearchContractAdmissionTests" name="test_each_research_contract_is_a_live_candidate_only_boundary" time="0.025" /><testcase classname="tests.test_research_contract_admission.ResearchContractAdmissionTests" name="test_invalid_research_record_fails_closed" time="0.003" /><testcase classname="tests.test_retrieval_and_models.RetrievalAndModelTests" name="test_integration_registry_contract_import_and_smoke" time="0.022" /><testcase classname="tests.test_retrieval_and_models.RetrievalAndModelTests" name="test_local_runtime_discovery_is_bounded_and_does_not_load_models" time="0.002" /><testcase classname="tests.test_retrieval_and_models.RetrievalAndModelTests" name="test_model_routing_is_capability_based_sensitive_and_explicit_on_fallback" time="0.002" /><testcase classname="tests.test_retrieval_and_models.RetrievalAndModelTests" name="test_model_routing_policy_is_lazy_loadable_and_fail_closed" time="0.004" /><testcase classname="tests.test_retrieval_and_models.RetrievalAndModelTests" name="test_retrieval_obeys_context_budget_and_degrades_explicitly" time="0.003" /><testcase classname="tests.test_retrieval_and_models.RetrievalAndModelTests" name="test_retrieval_uses_identity_scope_filters_sources_and_emits_lineage" time="0.002" /><testcase classname="tests.test_retrieval_strategy.RetrievalStrategyTests" name="test_drift_or_forbidden_exposure_blocks_readiness" time="0.008" /><testcase classname="tests.test_retrieval_strategy.RetrievalStrategyTests" name="test_exact_reference_quality_resource_and_calibration_gates_pass" time="0.008" /><testcase classname="tests.test_runtime_wave4.RuntimeWave4Tests" name="test_bounded_startup_loads_metadata_and_gracefully_marks_missing_tools" time="0.029" /><testcase classname="tests.test_runtime_wave4.RuntimeWave4Tests" name="test_classifier_is_multi_domain_explainable_and_low_confidence_is_bounded" time="0.001" /><testcase classname="tests.test_runtime_wave4.RuntimeWave4Tests" name="test_deferred_skill_body_cannot_be_hydrated_before_admission" time="0.004" /><testcase classname="tests.test_runtime_wave4.RuntimeWave4Tests" name="test_frozen_plan_maps_every_requirement_persists_and_detects_drift" time="0.032" /><testcase classname="tests.test_runtime_wave4.RuntimeWave4Tests" name="test_recovery_is_idempotent_and_interrupted_steps_are_non_certifying" time="0.030" /><testcase classname="tests.test_runtime_wave4.RuntimeWave4Tests" name="test_scheduler_serializes_heavy_lane_and_detects_pressure_and_lost_worker" time="0.001" /><testcase classname="tests.test_runtime_wave4.RuntimeWave4Tests" name="test_selector_enforces_budget_dependencies_redundancy_and_is_deterministic" time="0.002" /><testcase classname="tests.test_runtime_wave4.RuntimeWave4Tests" name="test_ten_thousand_descriptors_remain_unloaded_until_selected" time="0.045" /><testcase classname="tests.test_sanitization_audit.SanitizationAuditTests" name="test_brand_token_inside_domain_is_detected" time="0.028" /><testcase classname="tests.test_sanitization_audit.SanitizationAuditTests" name="test_canonical_identifier_across_chunk_boundary_is_not_a_legacy_hit" time="0.109" /><testcase classname="tests.test_sanitization_audit.SanitizationAuditTests" name="test_clean_tree_passes_and_embedded_word_does_not_false_positive" time="0.023" /><testcase classname="tests.test_sanitization_audit.SanitizationAuditTests" name="test_legacy_abbreviated_placeholder_is_non_certifying" time="0.005" /><testcase classname="tests.test_sanitization_audit.SanitizationAuditTests" name="test_legacy_placeholder_inside_identifier_is_non_certifying" time="0.021" /><testcase classname="tests.test_sanitization_audit.SanitizationAuditTests" name="test_private_token_and_zip_fail" time="0.006" /><testcase classname="tests.test_sanitize_tree.SanitizeTreeTests" name="test_apply_fails_closed_and_reports_preservation_scan_read_error" time="0.005" /><testcase classname="tests.test_sanitize_tree.SanitizeTreeTests" name="test_brand_token_is_removed_even_when_attached_to_a_domain_name" time="0.027" /><testcase classname="tests.test_sanitize_tree.SanitizeTreeTests" name="test_colliding_sanitized_paths_preserve_both_files" time="0.045" /><testcase classname="tests.test_sanitize_tree.SanitizeTreeTests" name="test_explicit_exclusion_keeps_bounded_run_out_of_named_subtree" time="0.005" /><testcase classname="tests.test_sanitize_tree.SanitizeTreeTests" name="test_legacy_alias_inside_longer_identifier_is_expanded_once" time="0.012" /><testcase classname="tests.test_sanitize_tree.SanitizeTreeTests" name="test_overlong_expansion_uses_deterministic_sanitized_component" time="0.001" /><testcase classname="tests.test_sanitize_tree.SanitizeTreeTests" name="test_preview_and_apply_sanitize_content_and_path" time="0.047" /><testcase classname="tests.test_semantic_capability_query.SemanticCapabilityQueryTests" name="test_golden_query_certification_detects_missing_and_replays_deterministically" time="0.003" /><testcase classname="tests.test_semantic_capability_query.SemanticCapabilityQueryTests" name="test_lifecycle_risk_kind_and_tool_constraints_fail_closed" time="0.001" /><testcase classname="tests.test_semantic_capability_query.SemanticCapabilityQueryTests" name="test_recovery_aliases_route_to_canonical_owners" time="0.038" /><testcase classname="tests.test_semantic_capability_query.SemanticCapabilityQueryTests" name="test_semantic_index_is_metadata_only_hash_bound_and_current" time="0.070" /><testcase classname="tests.test_semantic_capability_query.SemanticCapabilityQueryTests" name="test_weighted_semantic_metadata_is_deterministic_and_explainable" time="0.002" /><testcase classname="tests.test_skill_library.SkillLibraryTests" name="test_all_skills_have_valid_identity_ui_metadata_and_no_template_markers" time="0.364" /><testcase classname="tests.test_skill_library.SkillLibraryTests" name="test_catalog_is_metadata_only_unique_and_all_active_bodies_have_contracts" time="0.012" /><testcase classname="tests.test_skill_library.SkillLibraryTests" name="test_new_skill_packages_are_clean_room_hash_backed_current_and_lazy" time="0.011" /><testcase classname="tests.test_skill_library.SkillLibraryTests" name="test_python_repair_and_governance_domains_have_diagnosis_tests_rollback_and_lineage" time="0.001" /><testcase classname="tests.test_skill_navigator.SkillNavigatorTests" name="test_candidate_status_is_not_discoverable" time="0.001" /><testcase classname="tests.test_skill_navigator.SkillNavigatorTests" name="test_deterministic_tie_breaking_and_limit" time="0.000" /><testcase classname="tests.test_skill_navigator.SkillNavigatorTests" name="test_rejects_invalid_budget" time="0.000" /><testcase classname="tests.test_skill_navigator.SkillNavigatorTests" name="test_reports_missing_inputs_without_loading_or_execution" time="0.000" /><testcase classname="tests.test_skill_navigator.SkillNavigatorTests" name="test_returns_bounded_ranked_metadata_only" time="0.000" /><testcase classname="tests.test_skill_support_scripts.SkillSupportScriptTests" name="test_bootstrap_audit_reporter_renders_failures_without_hiding_them" time="0.001" /><testcase classname="tests.test_skill_support_scripts.SkillSupportScriptTests" name="test_build_manifest_recovery_ledger_executes_with_bounded_inputs" time="0.019" /><testcase classname="tests.test_skill_support_scripts.SkillSupportScriptTests" name="test_declared_suite_certifier_executes_current_operational_checks" time="2.335" /><testcase classname="tests.test_skill_support_scripts.SkillSupportScriptTests" name="test_planning_card_coverage_validator_checks_real_owners_and_tests" time="0.021" /><testcase classname="tests.test_source_migration_receipt.SourceMigrationReceiptTests" name="test_historical_source_maps_are_external_and_current_owners_exist" time="0.002" /><testcase classname="tests.test_source_migration_receipt.SourceMigrationReceiptTests" name="test_raw_catalog_inventory_behavior_and_domain_trees_are_external" time="0.001" /><testcase classname="tests.test_source_reconciliation.SourceReconciliationTests" name="test_unknown_mechanism_prevents_completion" time="0.029" /><testcase classname="tests.test_source_requirement_coverage.SourceRequirementCoverageTests" name="test_every_distilled_requirement_has_a_real_owner_and_honest_state" time="0.006" /><testcase classname="tests.test_specialty_map.SpecialtyMapTests" name="test_active_candidate_states_match_canonical_skill_catalog" time="0.006" /><testcase classname="tests.test_specialty_map.SpecialtyMapTests" name="test_every_source_candidate_has_one_explicit_lifecycle_state" time="0.001" /><testcase classname="tests.test_staged_reconciliation.StagedReconciliationTests" name="test_equal_priority_rules_fail_as_ambiguous" time="0.021" /><testcase classname="tests.test_staged_reconciliation.StagedReconciliationTests" name="test_manifest_only_cannot_be_adopted_as_implementation" time="0.029" /><testcase classname="tests.test_staged_reconciliation.StagedReconciliationTests" name="test_resolves_exactly_one_explicit_owner" time="0.009" /><testcase classname="tests.test_structural_integrity" name="test_structural_integrity_has_closed_denominators" time="10.767" /><testcase classname="tests.test_structural_integrity" name="test_structural_audit_never_writes_dynamic_loader_bytecode" time="43.120" /><testcase classname="tests.test_structural_integrity" name="test_orphan_registry_file_fails_closed" time="48.742" /><testcase classname="tests.test_structural_integrity" name="test_defined_but_unbound_orchestration_fails_closed" time="31.823" /><testcase classname="tests.test_structural_integrity" name="test_undiscoverable_skill_fails_closed" time="18.869" /><testcase classname="tests.test_structural_integrity" name="test_unowned_yaml_fails_closed" time="17.347" /><testcase classname="tests.test_structural_integrity" name="test_dead_contract_fails_closed" time="20.414" /><testcase classname="tests.test_structural_integrity" name="test_stale_release_pinned_execution_plan_fails_closed" time="18.751" /><testcase classname="tests.test_structural_integrity" name="test_project_management_checkpoint_drift_fails_closed" time="22.017" /><testcase classname="tests.test_system_graph.SystemGraphTests" name="test_graph_spans_every_asset_type_and_has_resolved_deterministic_edges" time="0.016" /><testcase classname="tests.test_temp2_completeness.TempTwoCompletenessTests" name="test_closed_snapshot_is_compact_and_raw_ledger_is_externalized" time="0.001" /><testcase classname="tests.test_temp2_completeness.TempTwoCompletenessTests" name="test_every_registered_project_stream_workflow_executes_with_synthetic_inputs" time="0.546" /><testcase classname="tests.test_temp2_completeness.TempTwoCompletenessTests" name="test_markdown_templates_expose_their_contract_fields" time="0.002" /><testcase classname="tests.test_temp2_completeness.TempTwoCompletenessTests" name="test_structured_templates_conform_to_their_contracts" time="0.007" /><testcase classname="tests.test_test_profiles" name="test_full_and_release_include_every_discovered_test_file" time="0.008" /><testcase classname="tests.test_test_profiles" name="test_fast_keeps_ordinary_contract_checks_and_excludes_expensive_artifact_gates" time="0.008" /><testcase classname="tests.test_tool_intake.ToolIntakeTests" name="test_inventory_is_fail_closed_without_license_scanner_and_approval" time="0.050" /><testcase classname="tests.test_tool_intake.ToolIntakeTests" name="test_record_is_versioned_and_advances_lifecycle_without_admitting_tools" time="0.264" /><testcase classname="tests.test_tool_intake.ToolIntakeTests" name="test_scanner_execution_requires_separate_explicit_approval" time="0.025" /><testcase classname="tests.test_tool_recommendations.ToolRecommendationTests" name="test_assessment_is_read_only_signal_based_and_requests_install_approval" time="0.037" /><testcase classname="tests.test_tool_recommendations.ToolRecommendationTests" name="test_graphify_falls_back_to_governed_capabilities_without_install_request" time="0.031" /><testcase classname="tests.test_tool_recommendations.ToolRecommendationTests" name="test_missing_project_fails_closed" time="0.001" /><testcase classname="tests.test_tool_registry.ToolRegistryTests" name="test_startup_candidates_remain_bounded_and_metadata_driven" time="0.009" /><testcase classname="tests.test_tool_registry.ToolRegistryTests" name="test_tool_family_is_probed_only_when_selected" time="0.001" /><testcase classname="tests.test_wave5_builders.SkillBuilderTests" name="test_duplicate_or_already_filled_gap_is_rejected" time="0.000" /><testcase classname="tests.test_wave5_builders.SkillBuilderTests" name="test_missing_skill_produces_bounded_candidate_proposal" time="0.001" /><testcase classname="tests.test_wave5_builders.SkillBuilderTests" name="test_restricted_source_requires_explicit_clean_room_status" time="0.001" /><testcase classname="tests.test_wave5_builders.OrchestrationBuilderTests" name="test_invalid_graph_unvalidated_capability_and_insufficient_budget_fail" time="0.000" /><testcase classname="tests.test_wave5_builders.OrchestrationBuilderTests" name="test_resolves_io_dependencies_and_adds_approval_evidence_and_budget" time="0.001" /><testcase classname="tests.test_wave5_builders.AdapterBuilderTests" name="test_adapter_is_one_contract_strict_mapping_and_registry_visible" time="0.001" /><testcase classname="tests.test_wave5_builders.AdapterBuilderTests" name="test_invalid_input_and_incompatible_mapping_fail_clearly" time="0.001" /><testcase classname="tests.test_wave5_builders.RepairPatternBuilderTests" name="test_structured_pattern_preserves_lineage_diagnosis_validation_and_rollback" time="0.001" /><testcase classname="tests.test_wave5_builders.RepairPatternBuilderTests" name="test_unsafe_variant_is_quarantined_and_snippet_is_not_activated" time="0.001" /><testcase classname="tests.test_wave5_builders.TestEvidenceBuilderTests" name="test_all_test_classes_are_required_before_proposal" time="0.001" /><testcase classname="tests.test_wave5_builders.TestEvidenceBuilderTests" name="test_evidence_is_deterministic_sanitized_and_failures_remain_visible" time="0.002" /><testcase classname="tests.test_wave5_builders.TestEvidenceBuilderTests" name="test_proposals_write_only_to_requested_directory_and_never_activate" time="0.007" /><testcase classname="tests.test_workspace_cli.WorkspaceCliTests" name="test_drop_activate_memory_and_switch_from_cli" time="6.052" /><testcase classname="tests.test_workspace_manager.WorkspaceManagerTests" name="test_active_session_memory_and_project_switch_are_isolated" time="1.351" /><testcase classname="tests.test_workspace_manager.WorkspaceManagerTests" name="test_drop_discovery_commissions_projects_and_creates_isolated_tracking" time="0.622" /><testcase classname="tests.test_workspace_manager.WorkspaceManagerTests" name="test_expired_active_lease_blocks_memory_and_workspace_health" time="0.763" /><testcase classname="tests.test_workspace_manager.WorkspaceManagerTests" name="test_lease_renewal_cannot_exceed_cumulative_workspace_limit" time="0.534" /><testcase classname="tests.test_workspace_manager.WorkspaceManagerTests" name="test_memory_maintenance_is_append_only_and_status_is_project_bound" time="0.767" /><testcase classname="tests.test_workspace_manager.WorkspaceManagerTests" name="test_pending_workspace_intent_is_detected_and_explicitly_reconciled" time="0.733" /><testcase classname="tests.test_workspace_manager.WorkspaceManagerTests" name="test_registered_workflow_runs_from_json_with_idempotent_receipt" time="1.549" /><testcase classname="tests.test_workspace_manager.WorkspaceManagerTests" name="test_shared_capability_promotion_is_evidence_gated_and_not_auto_activated" time="1.677" /><testcase classname="tests.test_workspace_manager.WorkspaceManagerTests" name="test_three_sessions_run_three_projects_without_cross_binding" time="3.741" /><testcase classname="tests.test_workspace_manager.WorkspaceManagerTests" name="test_workflow_paths_reject_parent_traversal_before_resolution" time="2.121" /><testcase classname="tests.test_workspace_manager.WorkspaceManagerTests" name="test_workspace_init_is_previewable_idempotent_and_persists_control_plane" time="0.172" /><testcase classname="tests.test_workspace_manager.WorkspaceManagerTests" name="test_workspace_registry_rebuilds_from_integrity_checked_events" time="0.769" /><testcase classname="tests.test_workspace_manager.WorkspaceManagerTests" name="test_workspace_status_detects_project_record_drift" time="0.484" /></testsuite></testsuites>